"QUERY PLAN"
"Sort  (cost=2749.42..2750.17 rows=300 width=60) (actual time=10.006..10.016 rows=301 loops=1)"
"  Sort Key: commento.timestamp_cont"
"  Sort Method: quicksort  Memory: 48kB"
"  ->  HashAggregate  (cost=2734.08..2737.08 rows=300 width=60) (actual time=9.909..9.955 rows=301 loops=1)"
"        Group Key: commento.cod_commento, commento.cod_spettatore, commento.cod_opera, commento.testo, (NULL::integer), commento.timestamp_cont, commento.cod_spettatore_scrive"
"        Batches: 1  Memory Usage: 93kB"
"        ->  Append  (cost=0.00..2728.83 rows=300 width=60) (actual time=0.014..9.819 rows=301 loops=1)"
"              ->  Seq Scan on commento  (cost=0.00..2383.51 rows=101 width=58) (actual time=0.013..9.747 rows=101 loops=1)"
"                    Filter: (cod_spettatore_scrive = 9001)"
"                    Rows Removed by Filter: 100900"
"              ->  Index Scan using recensione_pkey on recensione  (cost=0.42..343.82 rows=199 width=58) (actual time=0.019..0.050 rows=200 loops=1)"
"                    Index Cond: (cod_spettatore = 9001)"
"Planning Time: 0.125 ms"
"Execution Time: 10.060 ms"
