"QUERY PLAN"
"Sort  (cost=1783.78..1786.27 rows=996 width=50) (actual time=1.516..1.549 rows=1000 loops=1)"
"  Sort Key: timestamp_cont"
"  Sort Method: quicksort  Memory: 101kB"
"  ->  Bitmap Heap Scan on recensione  (cost=31.72..1734.18 rows=996 width=50) (actual time=0.195..1.391 rows=1000 loops=1)"
"        Recheck Cond: (cod_opera = 4)"
"        Heap Blocks: exact=1000"
"        ->  Bitmap Index Scan on idx_cod_op  (cost=0.00..31.47 rows=996 width=0) (actual time=0.102..0.102 rows=1000 loops=1)"
"              Index Cond: (cod_opera = 4)"
"Planning Time: 0.087 ms"
"Execution Time: 1.595 ms"
