"QUERY PLAN"
"Sort  (cost=669.36..669.51 rows=60 width=60) (actual time=0.313..0.322 rows=301 loops=1)"
"  Sort Key: commento.timestamp_cont"
"  Sort Method: quicksort  Memory: 48kB"
"  ->  HashAggregate  (cost=666.99..667.59 rows=60 width=60) (actual time=0.215..0.261 rows=301 loops=1)"
"        Group Key: commento.cod_commento, commento.cod_spettatore, commento.cod_opera, commento.testo, (NULL::integer), commento.cod_spettatore_scrive, commento.timestamp_cont"
"        Batches: 1  Memory Usage: 117kB"
"        ->  Append  (cost=5.07..665.94 rows=60 width=60) (actual time=0.032..0.114 rows=301 loops=1)"
"              ->  Nested Loop  (cost=5.07..313.75 rows=20 width=58) (actual time=0.031..0.049 rows=101 loops=1)"
"                    ->  Index Only Scan using segue_pkey on segue  (cost=0.28..4.30 rows=1 width=4) (actual time=0.010..0.011 rows=1 loops=1)"
"                          Index Cond: (cod_spettatore_segue = 9001)"
"                          Heap Fetches: 0"
"                    ->  Bitmap Heap Scan on commento  (cost=4.78..308.44 rows=101 width=54) (actual time=0.017..0.027 rows=101 loops=1)"
"                          Recheck Cond: (cod_spettatore_scrive = segue.cod_spettatore_seguito)"
"                          Heap Blocks: exact=2"
"                          ->  Bitmap Index Scan on idx_spet_scrive  (cost=0.00..4.76 rows=101 width=0) (actual time=0.010..0.010 rows=101 loops=1)"
"                                Index Cond: (cod_spettatore_scrive = segue.cod_spettatore_seguito)"
"              ->  Nested Loop  (cost=0.70..351.89 rows=40 width=58) (actual time=0.014..0.054 rows=200 loops=1)"
"                    ->  Index Only Scan using segue_pkey on segue segue_1  (cost=0.28..4.30 rows=1 width=4) (actual time=0.005..0.005 rows=1 loops=1)"
"                          Index Cond: (cod_spettatore_segue = 9001)"
"                          Heap Fetches: 0"
"                    ->  Index Scan using recensione_pkey on recensione  (cost=0.42..345.59 rows=200 width=50) (actual time=0.008..0.029 rows=200 loops=1)"
"                          Index Cond: (cod_spettatore = segue_1.cod_spettatore_seguito)"
"Planning Time: 0.299 ms"
"Execution Time: 0.375 ms"
