"QUERY PLAN"
"Sort  (cost=1658.80..1658.83 rows=10 width=3148) (actual time=10.750..10.756 rows=5 loops=1)"
"  Sort Key: opera_audiovisiva.cod_opera"
"  Sort Method: quicksort  Memory: 25kB"
"  ->  HashAggregate  (cost=1658.54..1658.64 rows=10 width=3148) (actual time=10.729..10.736 rows=5 loops=1)"
"        Group Key: opera_audiovisiva.cod_opera, episodio.cod_prod, opera_audiovisiva.titolo, episodio.titolo, episodio.num_stagione, episodio.num_episodio, produzione.minutaggio, produzione.genere, regista.nome, regista.cognome, attore.nome, attore.cognome"
"        Batches: 1  Memory Usage: 32kB"
"        ->  Append  (cost=575.20..1658.24 rows=10 width=3148) (actual time=10.379..10.725 rows=5 loops=1)"
"              ->  Nested Loop  (cost=575.20..1023.58 rows=5 width=598) (actual time=8.361..8.364 rows=0 loops=1)"
"                    ->  Nested Loop  (cost=574.92..1022.07 rows=5 width=589) (actual time=8.360..8.363 rows=0 loops=1)"
"                          Join Filter: (episodio.cod_prod = cast_prod.cod_prod)"
"                          ->  Nested Loop  (cost=574.50..1021.44 rows=1 width=589) (actual time=8.360..8.363 rows=0 loops=1)"
"                                ->  Nested Loop  (cost=574.22..1021.15 rows=1 width=580) (actual time=8.360..8.362 rows=0 loops=1)"
"                                      ->  Nested Loop  (cost=573.93..1020.68 rows=1 width=52) (actual time=8.359..8.361 rows=0 loops=1)"
"                                            ->  Hash Join  (cost=573.64..1020.36 rows=1 width=56) (actual time=8.358..8.359 rows=0 loops=1)"
"                                                  Hash Cond: (episodio.cod_opera = opera_audiovisiva.cod_opera)"
"                                                  ->  Seq Scan on episodio  (cost=0.00..389.80 rows=21680 width=33) (actual time=0.034..2.258 rows=21680 loops=1)"
"                                                  ->  Hash  (cost=573.62..573.62 rows=1 width=23) (actual time=3.421..3.421 rows=1 loops=1)"
"                                                        Buckets: 1024  Batches: 1  Memory Usage: 9kB"
"                                                        ->  Seq Scan on opera_audiovisiva  (cost=0.00..573.62 rows=1 width=23) (actual time=0.016..3.414 rows=1 loops=1)"
"                                                              Filter: ((titolo)::text = 'Planet 51'::text)"
"                                                              Rows Removed by Filter: 28369"
"                                            ->  Index Only Scan using stagione_pkey on stagione  (cost=0.29..0.32 rows=1 width=8) (never executed)"
"                                                  Index Cond: ((cod_opera = episodio.cod_opera) AND (num = episodio.num_stagione))"
"                                                  Heap Fetches: 0"
"                                      ->  Index Scan using produzione_pkey on produzione  (cost=0.29..0.47 rows=1 width=528) (never executed)"
"                                            Index Cond: (cod_prod = episodio.cod_prod)"
"                                ->  Index Scan using regista_pkey on regista  (cost=0.28..0.30 rows=1 width=17) (never executed)"
"                                      Index Cond: (cod_regista = produzione.cod_regista)"
"                          ->  Index Only Scan using cast_prod_pkey on cast_prod  (cost=0.42..0.57 rows=5 width=8) (never executed)"
"                                Index Cond: (cod_prod = produzione.cod_prod)"
"                                Heap Fetches: 0"
"                    ->  Index Scan using attore_pkey on attore  (cost=0.29..0.30 rows=1 width=17) (never executed)"
"                          Index Cond: (cod_attore = cast_prod.cod_attore)"
"              ->  Nested Loop  (cost=574.92..634.60 rows=5 width=613) (actual time=2.016..2.358 rows=5 loops=1)"
"                    ->  Nested Loop  (cost=574.63..633.09 rows=5 width=564) (actual time=2.004..2.336 rows=5 loops=1)"
"                          Join Filter: (film.cod_prod = cast_prod_1.cod_prod)"
"                          ->  Nested Loop  (cost=574.21..632.46 rows=1 width=564) (actual time=1.994..2.324 rows=1 loops=1)"
"                                ->  Nested Loop  (cost=573.93..632.16 rows=1 width=555) (actual time=1.987..2.317 rows=1 loops=1)"
"                                      ->  Hash Join  (cost=573.64..630.84 rows=1 width=27) (actual time=1.969..2.299 rows=1 loops=1)"
"                                            Hash Cond: (film.cod_opera = opera_audiovisiva_1.cod_opera)"
"                                            ->  Seq Scan on film  (cost=0.00..48.43 rows=3343 width=8) (actual time=0.023..0.157 rows=3343 loops=1)"
"                                            ->  Hash  (cost=573.62..573.62 rows=1 width=23) (actual time=1.929..1.929 rows=1 loops=1)"
"                                                  Buckets: 1024  Batches: 1  Memory Usage: 9kB"
"                                                  ->  Seq Scan on opera_audiovisiva opera_audiovisiva_1  (cost=0.00..573.62 rows=1 width=23) (actual time=0.008..1.921 rows=1 loops=1)"
"                                                        Filter: ((titolo)::text = 'Planet 51'::text)"
"                                                        Rows Removed by Filter: 28369"
"                                      ->  Index Scan using produzione_pkey on produzione produzione_1  (cost=0.29..1.32 rows=1 width=528) (actual time=0.014..0.014 rows=1 loops=1)"
"                                            Index Cond: (cod_prod = film.cod_prod)"
"                                ->  Index Scan using regista_pkey on regista regista_1  (cost=0.28..0.30 rows=1 width=17) (actual time=0.005..0.005 rows=1 loops=1)"
"                                      Index Cond: (cod_regista = produzione_1.cod_regista)"
"                          ->  Index Only Scan using cast_prod_pkey on cast_prod cast_prod_1  (cost=0.42..0.57 rows=5 width=8) (actual time=0.009..0.010 rows=5 loops=1)"
"                                Index Cond: (cod_prod = produzione_1.cod_prod)"
"                                Heap Fetches: 0"
"                    ->  Index Scan using attore_pkey on attore attore_1  (cost=0.29..0.30 rows=1 width=17) (actual time=0.004..0.004 rows=1 loops=5)"
"                          Index Cond: (cod_attore = cast_prod_1.cod_attore)"
"Planning Time: 7.337 ms"
"Execution Time: 10.927 ms"
