"QUERY PLAN"
"Sort  (cost=674.36..675.11 rows=300 width=60) (actual time=0.289..0.309 rows=301 loops=1)"
"  Sort Key: commento.timestamp_cont"
"  Sort Method: quicksort  Memory: 48kB"
"  ->  HashAggregate  (cost=659.01..662.01 rows=300 width=60) (actual time=0.180..0.229 rows=301 loops=1)"
"        Group Key: commento.cod_commento, commento.cod_spettatore, commento.cod_opera, commento.testo, (NULL::integer), commento.timestamp_cont, commento.cod_spettatore_scrive"
"        Batches: 1  Memory Usage: 93kB"
"        ->  Append  (cost=4.78..653.76 rows=300 width=60) (actual time=0.019..0.095 rows=301 loops=1)"
"              ->  Bitmap Heap Scan on commento  (cost=4.78..308.44 rows=101 width=58) (actual time=0.018..0.032 rows=101 loops=1)"
"                    Recheck Cond: (cod_spettatore_scrive = 9001)"
"                    Heap Blocks: exact=2"
"                    ->  Bitmap Index Scan on idx_spet_scrive  (cost=0.00..4.76 rows=101 width=0) (actual time=0.010..0.011 rows=101 loops=1)"
"                          Index Cond: (cod_spettatore_scrive = 9001)"
"              ->  Index Scan using recensione_pkey on recensione  (cost=0.42..343.82 rows=199 width=58) (actual time=0.011..0.050 rows=200 loops=1)"
"                    Index Cond: (cod_spettatore = 9001)"
"Planning Time: 0.178 ms"
"Execution Time: 0.409 ms"
