"QUERY PLAN"
"Sort  (cost=4570.61..4573.10 rows=996 width=50) (actual time=17.035..17.064 rows=1000 loops=1)"
"  Sort Key: timestamp_cont"
"  Sort Method: quicksort  Memory: 101kB"
"  ->  Seq Scan on recensione  (cost=0.00..4521.01 rows=996 width=50) (actual time=0.019..16.845 rows=1000 loops=1)"
"        Filter: (cod_opera = 4)"
"        Rows Removed by Filter: 199001"
"Planning Time: 0.087 ms"
"Execution Time: 17.102 ms"
