"QUERY PLAN"
"Sort  (cost=527.59..527.61 rows=10 width=3148) (actual time=2.708..2.713 rows=5 loops=1)"
"  Sort Key: opera_audiovisiva.cod_opera"
"  Sort Method: quicksort  Memory: 25kB"
"  ->  HashAggregate  (cost=527.32..527.42 rows=10 width=3148) (actual time=2.702..2.707 rows=5 loops=1)"
"        Group Key: opera_audiovisiva.cod_opera, episodio.cod_prod, opera_audiovisiva.titolo, episodio.titolo, episodio.num_stagione, episodio.num_episodio, produzione.minutaggio, produzione.genere, regista.nome, regista.cognome, attore.nome, attore.cognome"
"        Batches: 1  Memory Usage: 32kB"
"        ->  Append  (cost=9.59..527.02 rows=10 width=3148) (actual time=2.360..2.699 rows=5 loops=1)"
"              ->  Nested Loop  (cost=9.59..457.98 rows=5 width=598) (actual time=2.304..2.306 rows=0 loops=1)"
"                    ->  Nested Loop  (cost=9.31..456.46 rows=5 width=589) (actual time=2.304..2.306 rows=0 loops=1)"
"                          Join Filter: (episodio.cod_prod = cast_prod.cod_prod)"
"                          ->  Nested Loop  (cost=8.89..455.83 rows=1 width=589) (actual time=2.304..2.305 rows=0 loops=1)"
"                                ->  Nested Loop  (cost=8.61..455.54 rows=1 width=580) (actual time=2.303..2.305 rows=0 loops=1)"
"                                      ->  Nested Loop  (cost=8.32..455.07 rows=1 width=52) (actual time=2.303..2.304 rows=0 loops=1)"
"                                            ->  Hash Join  (cost=8.03..454.75 rows=1 width=56) (actual time=2.303..2.304 rows=0 loops=1)"
"                                                  Hash Cond: (episodio.cod_opera = opera_audiovisiva.cod_opera)"
"                                                  ->  Seq Scan on episodio  (cost=0.00..389.80 rows=21680 width=33) (actual time=0.011..0.932 rows=21680 loops=1)"
"                                                  ->  Hash  (cost=8.02..8.02 rows=1 width=23) (actual time=0.011..0.011 rows=1 loops=1)"
"                                                        Buckets: 1024  Batches: 1  Memory Usage: 9kB"
"                                                        ->  Index Scan using prova on opera_audiovisiva  (cost=0.00..8.02 rows=1 width=23) (actual time=0.006..0.008 rows=1 loops=1)"
"                                                              Index Cond: ((titolo)::text = 'Planet 51'::text)"
"                                            ->  Index Only Scan using stagione_pkey on stagione  (cost=0.29..0.32 rows=1 width=8) (never executed)"
"                                                  Index Cond: ((cod_opera = episodio.cod_opera) AND (num = episodio.num_stagione))"
"                                                  Heap Fetches: 0"
"                                      ->  Index Scan using produzione_pkey on produzione  (cost=0.29..0.47 rows=1 width=528) (never executed)"
"                                            Index Cond: (cod_prod = episodio.cod_prod)"
"                                ->  Index Scan using regista_pkey on regista  (cost=0.28..0.30 rows=1 width=17) (never executed)"
"                                      Index Cond: (cod_regista = produzione.cod_regista)"
"                          ->  Index Only Scan using cast_prod_pkey on cast_prod  (cost=0.42..0.57 rows=5 width=8) (never executed)"
"                                Index Cond: (cod_prod = produzione.cod_prod)"
"                                Heap Fetches: 0"
"                    ->  Index Scan using attore_pkey on attore  (cost=0.29..0.30 rows=1 width=17) (never executed)"
"                          Index Cond: (cod_attore = cast_prod.cod_attore)"
"              ->  Nested Loop  (cost=9.31..69.00 rows=5 width=613) (actual time=0.055..0.390 rows=5 loops=1)"
"                    ->  Nested Loop  (cost=9.02..67.48 rows=5 width=564) (actual time=0.048..0.375 rows=5 loops=1)"
"                          Join Filter: (film.cod_prod = cast_prod_1.cod_prod)"
"                          ->  Nested Loop  (cost=8.60..66.85 rows=1 width=564) (actual time=0.039..0.364 rows=1 loops=1)"
"                                ->  Nested Loop  (cost=8.32..66.56 rows=1 width=555) (actual time=0.033..0.358 rows=1 loops=1)"
"                                      ->  Hash Join  (cost=8.03..65.24 rows=1 width=27) (actual time=0.025..0.349 rows=1 loops=1)"
"                                            Hash Cond: (film.cod_opera = opera_audiovisiva_1.cod_opera)"
"                                            ->  Seq Scan on film  (cost=0.00..48.43 rows=3343 width=8) (actual time=0.010..0.143 rows=3343 loops=1)"
"                                            ->  Hash  (cost=8.02..8.02 rows=1 width=23) (actual time=0.008..0.008 rows=1 loops=1)"
"                                                  Buckets: 1024  Batches: 1  Memory Usage: 9kB"
"                                                  ->  Index Scan using prova on opera_audiovisiva opera_audiovisiva_1  (cost=0.00..8.02 rows=1 width=23) (actual time=0.003..0.004 rows=1 loops=1)"
"                                                        Index Cond: ((titolo)::text = 'Planet 51'::text)"
"                                      ->  Index Scan using produzione_pkey on produzione produzione_1  (cost=0.29..1.32 rows=1 width=528) (actual time=0.005..0.006 rows=1 loops=1)"
"                                            Index Cond: (cod_prod = film.cod_prod)"
"                                ->  Index Scan using regista_pkey on regista regista_1  (cost=0.28..0.30 rows=1 width=17) (actual time=0.005..0.005 rows=1 loops=1)"
"                                      Index Cond: (cod_regista = produzione_1.cod_regista)"
"                          ->  Index Only Scan using cast_prod_pkey on cast_prod cast_prod_1  (cost=0.42..0.57 rows=5 width=8) (actual time=0.008..0.009 rows=5 loops=1)"
"                                Index Cond: (cod_prod = produzione_1.cod_prod)"
"                                Heap Fetches: 0"
"                    ->  Index Scan using attore_pkey on attore attore_1  (cost=0.29..0.30 rows=1 width=17) (actual time=0.003..0.003 rows=1 loops=5)"
"                          Index Cond: (cod_attore = cast_prod_1.cod_attore)"
"Planning Time: 3.970 ms"
"Execution Time: 2.813 ms"
