"QUERY PLAN"
"Sort  (cost=2756.28..2756.43 rows=60 width=60) (actual time=16.411..16.422 rows=301 loops=1)"
"  Sort Key: commento.timestamp_cont"
"  Sort Method: quicksort  Memory: 48kB"
"  ->  HashAggregate  (cost=2753.91..2754.51 rows=60 width=60) (actual time=16.310..16.359 rows=301 loops=1)"
"        Group Key: commento.cod_commento, commento.cod_spettatore, commento.cod_opera, commento.testo, (NULL::integer), commento.cod_spettatore_scrive, commento.timestamp_cont"
"        Batches: 1  Memory Usage: 117kB"
"        ->  Append  (cost=4.31..2752.86 rows=60 width=60) (actual time=0.065..16.172 rows=301 loops=1)"
"              ->  Hash Join  (cost=4.31..2400.67 rows=20 width=58) (actual time=0.064..16.059 rows=101 loops=1)"
"                    Hash Cond: (commento.cod_spettatore_scrive = segue.cod_spettatore_seguito)"
"                    ->  Seq Scan on commento  (cost=0.00..2131.01 rows=101001 width=54) (actual time=0.017..5.725 rows=101001 loops=1)"
"                    ->  Hash  (cost=4.30..4.30 rows=1 width=4) (actual time=0.015..0.016 rows=1 loops=1)"
"                          Buckets: 1024  Batches: 1  Memory Usage: 9kB"
"                          ->  Index Only Scan using segue_pkey on segue  (cost=0.28..4.30 rows=1 width=4) (actual time=0.012..0.013 rows=1 loops=1)"
"                                Index Cond: (cod_spettatore_segue = 9001)"
"                                Heap Fetches: 0"
"              ->  Nested Loop  (cost=0.70..351.89 rows=40 width=58) (actual time=0.044..0.096 rows=200 loops=1)"
"                    ->  Index Only Scan using segue_pkey on segue segue_1  (cost=0.28..4.30 rows=1 width=4) (actual time=0.021..0.023 rows=1 loops=1)"
"                          Index Cond: (cod_spettatore_segue = 9001)"
"                          Heap Fetches: 0"
"                    ->  Index Scan using recensione_pkey on recensione  (cost=0.42..345.59 rows=200 width=50) (actual time=0.015..0.042 rows=200 loops=1)"
"                          Index Cond: (cod_spettatore = segue_1.cod_spettatore_seguito)"
"Planning Time: 0.718 ms"
"Execution Time: 16.656 ms"
